[debug] [2025-02-25T12:54:36.045Z] ----------------------------------------------------------------------
[debug] [2025-02-25T12:54:36.051Z] Command:       C:\Program Files\nodejs\node.exe C:\Users\ASUS\AppData\Roaming\npm\node_modules\firebase-tools\lib\bin\firebase.js emulators:start
[debug] [2025-02-25T12:54:36.051Z] CLI Version:   13.22.1
[debug] [2025-02-25T12:54:36.052Z] Platform:      win32
[debug] [2025-02-25T12:54:36.052Z] Node Version:  v20.16.0
[debug] [2025-02-25T12:54:36.052Z] Time:          Tue Feb 25 2025 13:54:36 GMT+0100 (West Africa Standard Time)
[debug] [2025-02-25T12:54:36.052Z] ----------------------------------------------------------------------
[debug] 
[debug] [2025-02-25T12:54:36.056Z] >>> [apiv2][query] GET https://firebase-public.firebaseio.com/cli.json [none]
[debug] [2025-02-25T12:54:36.286Z] > command requires scopes: ["email","openid","https://www.googleapis.com/auth/cloudplatformprojects.readonly","https://www.googleapis.com/auth/firebase","https://www.googleapis.com/auth/cloud-platform"]
[debug] [2025-02-25T12:54:36.286Z] > authorizing via signed-in user (takurob2003@gmail.com)
[debug] [2025-02-25T12:54:38.428Z] openjdk version "11.0.16.1" 2022-08-12 LTS
[debug] [2025-02-25T12:54:38.428Z] 
OpenJDK Runtime Environment Microsoft-40648 (build 11.0.16.1+1-LTS)
OpenJDK 64-Bit Server VM Microsoft-40648 (build 11.0.16.1+1-LTS, mixed mode)

[debug] [2025-02-25T12:54:38.514Z] Parsed Java major version: 11
[info] i  emulators: Starting emulators: auth, functions, firestore, extensions {"metadata":{"emulator":{"name":"hub"},"message":"Starting emulators: auth, functions, firestore, extensions"}}
[debug] [2025-02-25T12:54:38.517Z] Checked if tokens are valid: true, expires at: 1740490635995
[debug] [2025-02-25T12:54:38.517Z] Checked if tokens are valid: true, expires at: 1740490635995
[debug] [2025-02-25T12:54:38.518Z] >>> [apiv2][query] GET https://firebase.googleapis.com/v1beta1/projects/rhibms-dashboard [none]
[debug] [2025-02-25T12:54:39.338Z] <<< [apiv2][status] GET https://firebase.googleapis.com/v1beta1/projects/rhibms-dashboard 200
[debug] [2025-02-25T12:54:39.338Z] <<< [apiv2][body] GET https://firebase.googleapis.com/v1beta1/projects/rhibms-dashboard {"projectId":"rhibms-dashboard","projectNumber":"599762885484","displayName":"RHIBMS-Dashboard","name":"projects/rhibms-dashboard","resources":{"hostingSite":"rhibms-dashboard"},"state":"ACTIVE","etag":"1_689a9419-6de8-4aea-9ff9-de0a6bc9ec08"}
[debug] [2025-02-25T12:54:39.373Z] [logging] Logging Emulator only supports listening on one address (127.0.0.1). Not listening on ::1
[debug] [2025-02-25T12:54:39.374Z] [auth] Authentication Emulator only supports listening on one address (127.0.0.1). Not listening on ::1
[debug] [2025-02-25T12:54:39.374Z] [firestore] Firestore Emulator only supports listening on one address (127.0.0.1). Not listening on ::1
[debug] [2025-02-25T12:54:39.374Z] [firestore.websocket] websocket server for firestore only supports listening on one address (127.0.0.1). Not listening on ::1
[debug] [2025-02-25T12:54:39.374Z] assigned listening specs for emulators {"user":{"hub":[{"address":"127.0.0.1","family":"IPv4","port":4400},{"address":"::1","family":"IPv6","port":4400}],"ui":[{"address":"127.0.0.1","family":"IPv4","port":4000},{"address":"::1","family":"IPv6","port":4000}],"logging":[{"address":"127.0.0.1","family":"IPv4","port":4500}],"auth":[{"address":"127.0.0.1","family":"IPv4","port":9099}],"firestore":[{"address":"127.0.0.1","family":"IPv4","port":8080}],"firestore.websocket":[{"address":"127.0.0.1","family":"IPv4","port":9150}]},"metadata":{"message":"assigned listening specs for emulators"}}
[debug] [2025-02-25T12:54:39.382Z] [hub] writing locator at C:\Users\ASUS\AppData\Local\Temp\hub-rhibms-dashboard.json
[debug] [2025-02-25T12:54:39.390Z] [Extensions] Started Extensions emulator, this is a noop.
[debug] [2025-02-25T12:54:39.396Z] [functions] Functions Emulator only supports listening on one address (127.0.0.1). Not listening on ::1
[debug] [2025-02-25T12:54:39.396Z] [eventarc] Eventarc Emulator only supports listening on one address (127.0.0.1). Not listening on ::1
[debug] [2025-02-25T12:54:39.396Z] [tasks] Cloud Tasks Emulator only supports listening on one address (127.0.0.1). Not listening on ::1
[debug] [2025-02-25T12:54:39.396Z] late-assigned ports for functions and eventarc emulators {"user":{"hub":[{"address":"127.0.0.1","family":"IPv4","port":4400},{"address":"::1","family":"IPv6","port":4400}],"ui":[{"address":"127.0.0.1","family":"IPv4","port":4000},{"address":"::1","family":"IPv6","port":4000}],"logging":[{"address":"127.0.0.1","family":"IPv4","port":4500}],"auth":[{"address":"127.0.0.1","family":"IPv4","port":9099}],"firestore":[{"address":"127.0.0.1","family":"IPv4","port":8080}],"firestore.websocket":[{"address":"127.0.0.1","family":"IPv4","port":9150}],"functions":[{"address":"127.0.0.1","family":"IPv4","port":5001}],"eventarc":[{"address":"127.0.0.1","family":"IPv4","port":9299}],"tasks":[{"address":"127.0.0.1","family":"IPv4","port":9499}]},"metadata":{"message":"late-assigned ports for functions and eventarc emulators"}}
[warn] !  functions: The following emulators are not running, calls to these services from the Functions emulator will affect production: database, hosting, pubsub, storage, dataconnect {"metadata":{"emulator":{"name":"functions"},"message":"The following emulators are not running, calls to these services from the Functions emulator will affect production: \u001b[1mdatabase, hosting, pubsub, storage, dataconnect\u001b[22m"}}
[debug] [2025-02-25T12:54:39.401Z] defaultcredentials: writing to file C:\Users\ASUS\AppData\Roaming\firebase\takurob2003_gmail_com_application_default_credentials.json
[debug] [2025-02-25T12:54:39.404Z] Setting GAC to C:\Users\ASUS\AppData\Roaming\firebase\takurob2003_gmail_com_application_default_credentials.json {"metadata":{"emulator":{"name":"functions"},"message":"Setting GAC to C:\\Users\\ASUS\\AppData\\Roaming\\firebase\\takurob2003_gmail_com_application_default_credentials.json"}}
[debug] [2025-02-25T12:54:39.406Z] Checked if tokens are valid: true, expires at: 1740490635995
[debug] [2025-02-25T12:54:39.406Z] Checked if tokens are valid: true, expires at: 1740490635995
[debug] [2025-02-25T12:54:39.406Z] >>> [apiv2][query] GET https://firebase.googleapis.com/v1beta1/projects/rhibms-dashboard/adminSdkConfig [none]
[debug] [2025-02-25T12:54:39.874Z] <<< [apiv2][status] GET https://firebase.googleapis.com/v1beta1/projects/rhibms-dashboard/adminSdkConfig 200
[debug] [2025-02-25T12:54:39.874Z] <<< [apiv2][body] GET https://firebase.googleapis.com/v1beta1/projects/rhibms-dashboard/adminSdkConfig {"projectId":"rhibms-dashboard","storageBucket":"rhibms-dashboard.firebasestorage.app"}
[debug] [2025-02-25T12:54:40.308Z] Ignoring unsupported arg: auto_download {"metadata":{"emulator":{"name":"firestore"},"message":"Ignoring unsupported arg: auto_download"}}
[debug] [2025-02-25T12:54:40.308Z] Ignoring unsupported arg: single_project_mode_error {"metadata":{"emulator":{"name":"firestore"},"message":"Ignoring unsupported arg: single_project_mode_error"}}
[debug] [2025-02-25T12:54:40.308Z] Starting Firestore Emulator with command {"binary":"java","args":["-Dgoogle.cloud_firestore.debug_log_level=FINE","-Duser.language=en","-jar","C:\\Users\\ASUS\\.cache\\firebase\\emulators\\cloud-firestore-emulator-v1.19.8.jar","--host","127.0.0.1","--port",8080,"--websocket_port",9150,"--project_id","rhibms-dashboard","--rules","C:\\Users\\ASUS\\Desktop\\RHIMBS\\admin-dashboard\\firestore.rules","--single_project_mode",true,"--functions_emulator","127.0.0.1:5001"],"optionalArgs":["port","webchannel_port","host","rules","websocket_port","functions_emulator","seed_from_export","project_id","single_project_mode"],"joinArgs":false,"shell":false,"port":8080} {"metadata":{"emulator":{"name":"firestore"},"message":"Starting Firestore Emulator with command {\"binary\":\"java\",\"args\":[\"-Dgoogle.cloud_firestore.debug_log_level=FINE\",\"-Duser.language=en\",\"-jar\",\"C:\\\\Users\\\\ASUS\\\\.cache\\\\firebase\\\\emulators\\\\cloud-firestore-emulator-v1.19.8.jar\",\"--host\",\"127.0.0.1\",\"--port\",8080,\"--websocket_port\",9150,\"--project_id\",\"rhibms-dashboard\",\"--rules\",\"C:\\\\Users\\\\ASUS\\\\Desktop\\\\RHIMBS\\\\admin-dashboard\\\\firestore.rules\",\"--single_project_mode\",true,\"--functions_emulator\",\"127.0.0.1:5001\"],\"optionalArgs\":[\"port\",\"webchannel_port\",\"host\",\"rules\",\"websocket_port\",\"functions_emulator\",\"seed_from_export\",\"project_id\",\"single_project_mode\"],\"joinArgs\":false,\"shell\":false,\"port\":8080}"}}
[info] i  firestore: Firestore Emulator logging to firestore-debug.log {"metadata":{"emulator":{"name":"firestore"},"message":"Firestore Emulator logging to \u001b[1mfirestore-debug.log\u001b[22m"}}
[debug] [2025-02-25T12:54:43.667Z] *** [apiv2] error from fetch(https://firebase-public.firebaseio.com/cli.json, {"headers":{},"method":"GET"}): FetchError: request to https://firebase-public.firebaseio.com/cli.json failed, reason: read ECONNRESET
[warn] !  Unable to fetch the CLI MOTD and remote config. This is not a fatal error, but may indicate an issue with your network connection. 
[debug] [2025-02-25T12:54:43.668Z] Failed to fetch MOTD FirebaseError: Failed to make request to https://firebase-public.firebaseio.com/cli.json
[debug] [2025-02-25T12:54:49.127Z] Feb 25, 2025 1:54:48 PM com.google.cloud.datastore.emulator.firestore.websocket.WebSocketServer start
INFO: Started WebSocket server on ws://127.0.0.1:9150
 {"metadata":{"emulator":{"name":"firestore"},"message":"Feb 25, 2025 1:54:48 PM com.google.cloud.datastore.emulator.firestore.websocket.WebSocketServer start\r\nINFO: Started WebSocket server on ws://127.0.0.1:9150\r\n"}}
[debug] [2025-02-25T12:54:49.169Z] API endpoint: http:// {"metadata":{"emulator":{"name":"firestore"},"message":"API endpoint: http://"}}
[debug] [2025-02-25T12:54:49.170Z] 127.0.0.1:8080
If you are using a library that supports the FIRESTORE_EMULATOR_HOST environment variable, run:

   export FIRESTORE_EMULATOR_HOST=127.0.0.1:8080

If you are running a Firestore in Datastore Mode project, run:

   export DATASTORE_EMULATOR_HOST=127.0.0.1:8080

Note: Support for Datastore Mode is in preview. If you encounter any bugs please file at https://github.com/firebase/firebase-tools/issues.
Dev App Server is now running.

 {"metadata":{"emulator":{"name":"firestore"},"message":"127.0.0.1:8080\nIf you are using a library that supports the FIRESTORE_EMULATOR_HOST environment variable, run:\r\n\n   export FIRESTORE_EMULATOR_HOST=127.0.0.1:8080\n\nIf you are running a Firestore in Datastore Mode project, run:\r\n\n   export DATASTORE_EMULATOR_HOST=127.0.0.1:8080\n\nNote: Support for Datastore Mode is in preview. If you encounter any bugs please file at https://github.com/firebase/firebase-tools/issues.\r\nDev App Server is now running.\n\r\n"}}
[info] +  firestore: Firestore Emulator UI websocket is running on 9150. {"metadata":{"emulator":{"name":"firestore"},"message":"Firestore Emulator UI websocket is running on 9150."}}
[info] i  ui: downloading ui-v1.14.0.zip... {"metadata":{"emulator":{"name":"ui"},"message":"downloading ui-v1.14.0.zip..."}}
[debug] [2025-02-25T12:54:58.263Z] >>> [apiv2][query] GET https://storage.googleapis.com/firebase-preview-drop/emulator/ui-v1.14.0.zip 
[debug] [2025-02-25T12:54:59.058Z] <<< [apiv2][status] GET https://storage.googleapis.com/firebase-preview-drop/emulator/ui-v1.14.0.zip 200
[debug] [2025-02-25T12:54:59.058Z] <<< [apiv2][body] GET https://storage.googleapis.com/firebase-preview-drop/emulator/ui-v1.14.0.zip [stream]
[debug] [2025-02-25T12:55:01.633Z] Data is 3615311
[debug] [2025-02-25T12:55:01.663Z] [unzip] Entry: client/ (compressed_size=0 bytes, uncompressed_size=0 bytes)
[debug] [2025-02-25T12:55:01.663Z] [unzip] Processing entry: client\
[debug] [2025-02-25T12:55:01.663Z] [unzip] mkdir: C:\Users\ASUS\.cache\firebase\emulators\ui-v1.14.0\client\
[debug] [2025-02-25T12:55:01.664Z] [unzip] Entry: client/favicon-16x16.png (compressed_size=293 bytes, uncompressed_size=293 bytes)
[debug] [2025-02-25T12:55:01.665Z] [unzip] Processing entry: client\favicon-16x16.png
[debug] [2025-02-25T12:55:01.665Z] [unzip] else mkdir: C:\Users\ASUS\.cache\firebase\emulators\ui-v1.14.0\client
[debug] [2025-02-25T12:55:01.665Z] [unzip] Writing file: C:\Users\ASUS\.cache\firebase\emulators\ui-v1.14.0\client\favicon-16x16.png
[debug] [2025-02-25T12:55:01.666Z] [unzip] Entry: client/safari-pinned-tab.svg (compressed_size=1433 bytes, uncompressed_size=2611 bytes)
[debug] [2025-02-25T12:55:01.666Z] [unzip] Processing entry: client\safari-pinned-tab.svg
[debug] [2025-02-25T12:55:01.666Z] [unzip] else mkdir: C:\Users\ASUS\.cache\firebase\emulators\ui-v1.14.0\client
[debug] [2025-02-25T12:55:01.667Z] [unzip] deflating: C:\Users\ASUS\.cache\firebase\emulators\ui-v1.14.0\client\safari-pinned-tab.svg
[debug] [2025-02-25T12:55:01.673Z] [unzip] Entry: client/favicon.ico (compressed_size=2933 bytes, uncompressed_size=13294 bytes)
[debug] [2025-02-25T12:55:01.673Z] [unzip] Processing entry: client\favicon.ico
[debug] [2025-02-25T12:55:01.673Z] [unzip] else mkdir: C:\Users\ASUS\.cache\firebase\emulators\ui-v1.14.0\client
[debug] [2025-02-25T12:55:01.674Z] [unzip] deflating: C:\Users\ASUS\.cache\firebase\emulators\ui-v1.14.0\client\favicon.ico
[debug] [2025-02-25T12:55:01.676Z] [unzip] Entry: client/index.html (compressed_size=1363 bytes, uncompressed_size=3071 bytes)
[debug] [2025-02-25T12:55:01.676Z] [unzip] Processing entry: client\index.html
[debug] [2025-02-25T12:55:01.676Z] [unzip] else mkdir: C:\Users\ASUS\.cache\firebase\emulators\ui-v1.14.0\client
[debug] [2025-02-25T12:55:01.676Z] [unzip] deflating: C:\Users\ASUS\.cache\firebase\emulators\ui-v1.14.0\client\index.html
[debug] [2025-02-25T12:55:01.678Z] [unzip] Entry: client/android-chrome-192x192.png (compressed_size=2684 bytes, uncompressed_size=2684 bytes)
[debug] [2025-02-25T12:55:01.679Z] [unzip] Processing entry: client\android-chrome-192x192.png
[debug] [2025-02-25T12:55:01.679Z] [unzip] else mkdir: C:\Users\ASUS\.cache\firebase\emulators\ui-v1.14.0\client
[debug] [2025-02-25T12:55:01.679Z] [unzip] Writing file: C:\Users\ASUS\.cache\firebase\emulators\ui-v1.14.0\client\android-chrome-192x192.png
[debug] [2025-02-25T12:55:01.680Z] [unzip] Entry: client/apple-touch-icon.png (compressed_size=2123 bytes, uncompressed_size=2152 bytes)
[debug] [2025-02-25T12:55:01.680Z] [unzip] Processing entry: client\apple-touch-icon.png
[debug] [2025-02-25T12:55:01.680Z] [unzip] else mkdir: C:\Users\ASUS\.cache\firebase\emulators\ui-v1.14.0\client
[debug] [2025-02-25T12:55:01.681Z] [unzip] deflating: C:\Users\ASUS\.cache\firebase\emulators\ui-v1.14.0\client\apple-touch-icon.png
[debug] [2025-02-25T12:55:01.682Z] [unzip] Entry: client/android-chrome-512x512.png (compressed_size=5369 bytes, uncompressed_size=5411 bytes)
[debug] [2025-02-25T12:55:01.682Z] [unzip] Processing entry: client\android-chrome-512x512.png
[debug] [2025-02-25T12:55:01.682Z] [unzip] else mkdir: C:\Users\ASUS\.cache\firebase\emulators\ui-v1.14.0\client
[debug] [2025-02-25T12:55:01.683Z] [unzip] deflating: C:\Users\ASUS\.cache\firebase\emulators\ui-v1.14.0\client\android-chrome-512x512.png
[debug] [2025-02-25T12:55:01.684Z] [unzip] Entry: client/manifest.json (compressed_size=245 bytes, uncompressed_size=551 bytes)
[debug] [2025-02-25T12:55:01.684Z] [unzip] Processing entry: client\manifest.json
[debug] [2025-02-25T12:55:01.684Z] [unzip] else mkdir: C:\Users\ASUS\.cache\firebase\emulators\ui-v1.14.0\client
[debug] [2025-02-25T12:55:01.685Z] [unzip] deflating: C:\Users\ASUS\.cache\firebase\emulators\ui-v1.14.0\client\manifest.json
[debug] [2025-02-25T12:55:01.687Z] [unzip] Entry: client/robots.txt (compressed_size=26 bytes, uncompressed_size=26 bytes)
[debug] [2025-02-25T12:55:01.687Z] [unzip] Processing entry: client\robots.txt
[debug] [2025-02-25T12:55:01.687Z] [unzip] else mkdir: C:\Users\ASUS\.cache\firebase\emulators\ui-v1.14.0\client
[debug] [2025-02-25T12:55:01.688Z] [unzip] Writing file: C:\Users\ASUS\.cache\firebase\emulators\ui-v1.14.0\client\robots.txt
[debug] [2025-02-25T12:55:01.688Z] [unzip] Entry: client/mstile-150x150.png (compressed_size=2034 bytes, uncompressed_size=2034 bytes)
[debug] [2025-02-25T12:55:01.689Z] [unzip] Processing entry: client\mstile-150x150.png
[debug] [2025-02-25T12:55:01.689Z] [unzip] else mkdir: C:\Users\ASUS\.cache\firebase\emulators\ui-v1.14.0\client
[debug] [2025-02-25T12:55:01.689Z] [unzip] Writing file: C:\Users\ASUS\.cache\firebase\emulators\ui-v1.14.0\client\mstile-150x150.png
[debug] [2025-02-25T12:55:01.690Z] [unzip] Entry: client/assets/ (compressed_size=0 bytes, uncompressed_size=0 bytes)
[debug] [2025-02-25T12:55:01.690Z] [unzip] Processing entry: client\assets\
[debug] [2025-02-25T12:55:01.690Z] [unzip] mkdir: C:\Users\ASUS\.cache\firebase\emulators\ui-v1.14.0\client\assets\
[debug] [2025-02-25T12:55:01.691Z] [unzip] Entry: client/assets/index-ClZTY_JS.js.map (compressed_size=2328270 bytes, uncompressed_size=9947004 bytes)
[debug] [2025-02-25T12:55:01.691Z] [unzip] Processing entry: client\assets\index-ClZTY_JS.js.map
[debug] [2025-02-25T12:55:01.691Z] [unzip] else mkdir: C:\Users\ASUS\.cache\firebase\emulators\ui-v1.14.0\client\assets
[debug] [2025-02-25T12:55:01.691Z] [unzip] deflating: C:\Users\ASUS\.cache\firebase\emulators\ui-v1.14.0\client\assets\index-ClZTY_JS.js.map
[debug] [2025-02-25T12:55:01.764Z] [unzip] Entry: client/assets/index-ClZTY_JS.js (compressed_size=567195 bytes, uncompressed_size=2035940 bytes)
[debug] [2025-02-25T12:55:01.764Z] [unzip] Processing entry: client\assets\index-ClZTY_JS.js
[debug] [2025-02-25T12:55:01.764Z] [unzip] else mkdir: C:\Users\ASUS\.cache\firebase\emulators\ui-v1.14.0\client\assets
[debug] [2025-02-25T12:55:01.764Z] [unzip] deflating: C:\Users\ASUS\.cache\firebase\emulators\ui-v1.14.0\client\assets\index-ClZTY_JS.js
[debug] [2025-02-25T12:55:01.782Z] [unzip] Entry: client/assets/index-BdgySamB.css (compressed_size=35979 bytes, uncompressed_size=298654 bytes)
[debug] [2025-02-25T12:55:01.783Z] [unzip] Processing entry: client\assets\index-BdgySamB.css
[debug] [2025-02-25T12:55:01.783Z] [unzip] else mkdir: C:\Users\ASUS\.cache\firebase\emulators\ui-v1.14.0\client\assets
[debug] [2025-02-25T12:55:01.783Z] [unzip] deflating: C:\Users\ASUS\.cache\firebase\emulators\ui-v1.14.0\client\assets\index-BdgySamB.css
[debug] [2025-02-25T12:55:01.786Z] [unzip] Entry: client/assets/extensions/ (compressed_size=0 bytes, uncompressed_size=0 bytes)
[debug] [2025-02-25T12:55:01.787Z] [unzip] Processing entry: client\assets\extensions\
[debug] [2025-02-25T12:55:01.787Z] [unzip] mkdir: C:\Users\ASUS\.cache\firebase\emulators\ui-v1.14.0\client\assets\extensions\
[debug] [2025-02-25T12:55:01.787Z] [unzip] Entry: client/assets/extensions/default-extension.png (compressed_size=1646 bytes, uncompressed_size=1657 bytes)
[debug] [2025-02-25T12:55:01.787Z] [unzip] Processing entry: client\assets\extensions\default-extension.png
[debug] [2025-02-25T12:55:01.787Z] [unzip] else mkdir: C:\Users\ASUS\.cache\firebase\emulators\ui-v1.14.0\client\assets\extensions
[debug] [2025-02-25T12:55:01.788Z] [unzip] deflating: C:\Users\ASUS\.cache\firebase\emulators\ui-v1.14.0\client\assets\extensions\default-extension.png
[debug] [2025-02-25T12:55:01.791Z] [unzip] Entry: client/assets/img/ (compressed_size=0 bytes, uncompressed_size=0 bytes)
[debug] [2025-02-25T12:55:01.791Z] [unzip] Processing entry: client\assets\img\
[debug] [2025-02-25T12:55:01.791Z] [unzip] mkdir: C:\Users\ASUS\.cache\firebase\emulators\ui-v1.14.0\client\assets\img\
[debug] [2025-02-25T12:55:01.792Z] [unzip] Entry: client/assets/img/database.png (compressed_size=29449 bytes, uncompressed_size=29988 bytes)
[debug] [2025-02-25T12:55:01.792Z] [unzip] Processing entry: client\assets\img\database.png
[debug] [2025-02-25T12:55:01.793Z] [unzip] else mkdir: C:\Users\ASUS\.cache\firebase\emulators\ui-v1.14.0\client\assets\img
[debug] [2025-02-25T12:55:01.793Z] [unzip] deflating: C:\Users\ASUS\.cache\firebase\emulators\ui-v1.14.0\client\assets\img\database.png
[debug] [2025-02-25T12:55:01.795Z] [unzip] Entry: client/assets/provider-icons/ (compressed_size=0 bytes, uncompressed_size=0 bytes)
[debug] [2025-02-25T12:55:01.796Z] [unzip] Processing entry: client\assets\provider-icons\
[debug] [2025-02-25T12:55:01.796Z] [unzip] mkdir: C:\Users\ASUS\.cache\firebase\emulators\ui-v1.14.0\client\assets\provider-icons\
[debug] [2025-02-25T12:55:01.796Z] [unzip] Entry: client/assets/provider-icons/auth_service_saml.svg (compressed_size=575 bytes, uncompressed_size=1226 bytes)
[debug] [2025-02-25T12:55:01.796Z] [unzip] Processing entry: client\assets\provider-icons\auth_service_saml.svg
[debug] [2025-02-25T12:55:01.796Z] [unzip] else mkdir: C:\Users\ASUS\.cache\firebase\emulators\ui-v1.14.0\client\assets\provider-icons
[debug] [2025-02-25T12:55:01.797Z] [unzip] deflating: C:\Users\ASUS\.cache\firebase\emulators\ui-v1.14.0\client\assets\provider-icons\auth_service_saml.svg
[debug] [2025-02-25T12:55:01.799Z] [unzip] Entry: client/assets/provider-icons/auth_service_phone.svg (compressed_size=261 bytes, uncompressed_size=414 bytes)
[debug] [2025-02-25T12:55:01.799Z] [unzip] Processing entry: client\assets\provider-icons\auth_service_phone.svg
[debug] [2025-02-25T12:55:01.799Z] [unzip] else mkdir: C:\Users\ASUS\.cache\firebase\emulators\ui-v1.14.0\client\assets\provider-icons
[debug] [2025-02-25T12:55:01.800Z] [unzip] deflating: C:\Users\ASUS\.cache\firebase\emulators\ui-v1.14.0\client\assets\provider-icons\auth_service_phone.svg
[debug] [2025-02-25T12:55:01.801Z] [unzip] Entry: client/assets/provider-icons/auth_service_facebook.svg (compressed_size=289 bytes, uncompressed_size=457 bytes)
[debug] [2025-02-25T12:55:01.801Z] [unzip] Processing entry: client\assets\provider-icons\auth_service_facebook.svg
[debug] [2025-02-25T12:55:01.801Z] [unzip] else mkdir: C:\Users\ASUS\.cache\firebase\emulators\ui-v1.14.0\client\assets\provider-icons
[debug] [2025-02-25T12:55:01.802Z] [unzip] deflating: C:\Users\ASUS\.cache\firebase\emulators\ui-v1.14.0\client\assets\provider-icons\auth_service_facebook.svg
[debug] [2025-02-25T12:55:01.804Z] [unzip] Entry: client/assets/provider-icons/auth_service_game_center.svg (compressed_size=991 bytes, uncompressed_size=3921 bytes)
[debug] [2025-02-25T12:55:01.804Z] [unzip] Processing entry: client\assets\provider-icons\auth_service_game_center.svg
[debug] [2025-02-25T12:55:01.804Z] [unzip] else mkdir: C:\Users\ASUS\.cache\firebase\emulators\ui-v1.14.0\client\assets\provider-icons
[debug] [2025-02-25T12:55:01.804Z] [unzip] deflating: C:\Users\ASUS\.cache\firebase\emulators\ui-v1.14.0\client\assets\provider-icons\auth_service_game_center.svg
[debug] [2025-02-25T12:55:01.806Z] [unzip] Entry: client/assets/provider-icons/auth_service_apple.svg (compressed_size=230 bytes, uncompressed_size=334 bytes)
[debug] [2025-02-25T12:55:01.806Z] [unzip] Processing entry: client\assets\provider-icons\auth_service_apple.svg
[debug] [2025-02-25T12:55:01.806Z] [unzip] else mkdir: C:\Users\ASUS\.cache\firebase\emulators\ui-v1.14.0\client\assets\provider-icons
[debug] [2025-02-25T12:55:01.807Z] [unzip] deflating: C:\Users\ASUS\.cache\firebase\emulators\ui-v1.14.0\client\assets\provider-icons\auth_service_apple.svg
[debug] [2025-02-25T12:55:01.808Z] [unzip] Entry: client/assets/provider-icons/auth_service_github.svg (compressed_size=466 bytes, uncompressed_size=838 bytes)
[debug] [2025-02-25T12:55:01.808Z] [unzip] Processing entry: client\assets\provider-icons\auth_service_github.svg
[debug] [2025-02-25T12:55:01.808Z] [unzip] else mkdir: C:\Users\ASUS\.cache\firebase\emulators\ui-v1.14.0\client\assets\provider-icons
[debug] [2025-02-25T12:55:01.809Z] [unzip] deflating: C:\Users\ASUS\.cache\firebase\emulators\ui-v1.14.0\client\assets\provider-icons\auth_service_github.svg
[debug] [2025-02-25T12:55:01.810Z] [unzip] Entry: client/assets/provider-icons/auth_service_mslive.svg (compressed_size=203 bytes, uncompressed_size=378 bytes)
[debug] [2025-02-25T12:55:01.810Z] [unzip] Processing entry: client\assets\provider-icons\auth_service_mslive.svg
[debug] [2025-02-25T12:55:01.810Z] [unzip] else mkdir: C:\Users\ASUS\.cache\firebase\emulators\ui-v1.14.0\client\assets\provider-icons
[debug] [2025-02-25T12:55:01.811Z] [unzip] deflating: C:\Users\ASUS\.cache\firebase\emulators\ui-v1.14.0\client\assets\provider-icons\auth_service_mslive.svg
[debug] [2025-02-25T12:55:01.812Z] [unzip] Entry: client/assets/provider-icons/auth_service_yahoo.svg (compressed_size=577 bytes, uncompressed_size=1182 bytes)
[debug] [2025-02-25T12:55:01.812Z] [unzip] Processing entry: client\assets\provider-icons\auth_service_yahoo.svg
[debug] [2025-02-25T12:55:01.813Z] [unzip] else mkdir: C:\Users\ASUS\.cache\firebase\emulators\ui-v1.14.0\client\assets\provider-icons
[debug] [2025-02-25T12:55:01.813Z] [unzip] deflating: C:\Users\ASUS\.cache\firebase\emulators\ui-v1.14.0\client\assets\provider-icons\auth_service_yahoo.svg
[debug] [2025-02-25T12:55:01.814Z] [unzip] Entry: client/assets/provider-icons/auth_service_twitter.svg (compressed_size=444 bytes, uncompressed_size=751 bytes)
[debug] [2025-02-25T12:55:01.814Z] [unzip] Processing entry: client\assets\provider-icons\auth_service_twitter.svg
[debug] [2025-02-25T12:55:01.815Z] [unzip] else mkdir: C:\Users\ASUS\.cache\firebase\emulators\ui-v1.14.0\client\assets\provider-icons
[debug] [2025-02-25T12:55:01.815Z] [unzip] deflating: C:\Users\ASUS\.cache\firebase\emulators\ui-v1.14.0\client\assets\provider-icons\auth_service_twitter.svg
[debug] [2025-02-25T12:55:01.816Z] [unzip] Entry: client/assets/provider-icons/auth_service_play_games.svg (compressed_size=565 bytes, uncompressed_size=1173 bytes)
[debug] [2025-02-25T12:55:01.816Z] [unzip] Processing entry: client\assets\provider-icons\auth_service_play_games.svg
[debug] [2025-02-25T12:55:01.816Z] [unzip] else mkdir: C:\Users\ASUS\.cache\firebase\emulators\ui-v1.14.0\client\assets\provider-icons
[debug] [2025-02-25T12:55:01.817Z] [unzip] deflating: C:\Users\ASUS\.cache\firebase\emulators\ui-v1.14.0\client\assets\provider-icons\auth_service_play_games.svg
[debug] [2025-02-25T12:55:01.818Z] [unzip] Entry: client/assets/provider-icons/auth_service_email.svg (compressed_size=228 bytes, uncompressed_size=326 bytes)
[debug] [2025-02-25T12:55:01.818Z] [unzip] Processing entry: client\assets\provider-icons\auth_service_email.svg
[debug] [2025-02-25T12:55:01.818Z] [unzip] else mkdir: C:\Users\ASUS\.cache\firebase\emulators\ui-v1.14.0\client\assets\provider-icons
[debug] [2025-02-25T12:55:01.819Z] [unzip] deflating: C:\Users\ASUS\.cache\firebase\emulators\ui-v1.14.0\client\assets\provider-icons\auth_service_email.svg
[debug] [2025-02-25T12:55:01.820Z] [unzip] Entry: client/assets/provider-icons/auth_service_google.svg (compressed_size=409 bytes, uncompressed_size=720 bytes)
[debug] [2025-02-25T12:55:01.820Z] [unzip] Processing entry: client\assets\provider-icons\auth_service_google.svg
[debug] [2025-02-25T12:55:01.820Z] [unzip] else mkdir: C:\Users\ASUS\.cache\firebase\emulators\ui-v1.14.0\client\assets\provider-icons
[debug] [2025-02-25T12:55:01.821Z] [unzip] deflating: C:\Users\ASUS\.cache\firebase\emulators\ui-v1.14.0\client\assets\provider-icons\auth_service_google.svg
[debug] [2025-02-25T12:55:01.822Z] [unzip] Entry: client/assets/provider-icons/auth_service_oidc.svg (compressed_size=414 bytes, uncompressed_size=858 bytes)
[debug] [2025-02-25T12:55:01.822Z] [unzip] Processing entry: client\assets\provider-icons\auth_service_oidc.svg
[debug] [2025-02-25T12:55:01.822Z] [unzip] else mkdir: C:\Users\ASUS\.cache\firebase\emulators\ui-v1.14.0\client\assets\provider-icons
[debug] [2025-02-25T12:55:01.823Z] [unzip] deflating: C:\Users\ASUS\.cache\firebase\emulators\ui-v1.14.0\client\assets\provider-icons\auth_service_oidc.svg
[debug] [2025-02-25T12:55:01.824Z] [unzip] Entry: client/browserconfig.xml (compressed_size=491 bytes, uncompressed_size=822 bytes)
[debug] [2025-02-25T12:55:01.824Z] [unzip] Processing entry: client\browserconfig.xml
[debug] [2025-02-25T12:55:01.824Z] [unzip] else mkdir: C:\Users\ASUS\.cache\firebase\emulators\ui-v1.14.0\client
[debug] [2025-02-25T12:55:01.824Z] [unzip] deflating: C:\Users\ASUS\.cache\firebase\emulators\ui-v1.14.0\client\browserconfig.xml
[debug] [2025-02-25T12:55:01.825Z] [unzip] Entry: client/favicon-32x32.png (compressed_size=475 bytes, uncompressed_size=475 bytes)
[debug] [2025-02-25T12:55:01.826Z] [unzip] Processing entry: client\favicon-32x32.png
[debug] [2025-02-25T12:55:01.826Z] [unzip] else mkdir: C:\Users\ASUS\.cache\firebase\emulators\ui-v1.14.0\client
[debug] [2025-02-25T12:55:01.826Z] [unzip] Writing file: C:\Users\ASUS\.cache\firebase\emulators\ui-v1.14.0\client\favicon-32x32.png
[debug] [2025-02-25T12:55:01.828Z] [unzip] Entry: server/ (compressed_size=0 bytes, uncompressed_size=0 bytes)
[debug] [2025-02-25T12:55:01.828Z] [unzip] Processing entry: server\
[debug] [2025-02-25T12:55:01.828Z] [unzip] mkdir: C:\Users\ASUS\.cache\firebase\emulators\ui-v1.14.0\server\
[debug] [2025-02-25T12:55:01.828Z] [unzip] Entry: server/server.mjs.map (compressed_size=296496 bytes, uncompressed_size=1355667 bytes)
[debug] [2025-02-25T12:55:01.829Z] [unzip] Processing entry: server\server.mjs.map
[debug] [2025-02-25T12:55:01.829Z] [unzip] else mkdir: C:\Users\ASUS\.cache\firebase\emulators\ui-v1.14.0\server
[debug] [2025-02-25T12:55:01.829Z] [unzip] deflating: C:\Users\ASUS\.cache\firebase\emulators\ui-v1.14.0\server\server.mjs.map
[debug] [2025-02-25T12:55:01.839Z] [unzip] Entry: server/server.mjs (compressed_size=315701 bytes, uncompressed_size=1172682 bytes)
[debug] [2025-02-25T12:55:01.839Z] [unzip] Processing entry: server\server.mjs
[debug] [2025-02-25T12:55:01.839Z] [unzip] else mkdir: C:\Users\ASUS\.cache\firebase\emulators\ui-v1.14.0\server
[debug] [2025-02-25T12:55:01.839Z] [unzip] deflating: C:\Users\ASUS\.cache\firebase\emulators\ui-v1.14.0\server\server.mjs
[debug] [2025-02-25T12:55:01.848Z] [unzip] Entry: server/assets/ (compressed_size=0 bytes, uncompressed_size=0 bytes)
[debug] [2025-02-25T12:55:01.848Z] [unzip] Processing entry: server\assets\
[debug] [2025-02-25T12:55:01.848Z] [unzip] mkdir: C:\Users\ASUS\.cache\firebase\emulators\ui-v1.14.0\server\assets\
[debug] [2025-02-25T12:55:01.849Z] [unzip] Entry: server/assets/multipart-parser-DGCUZdXu.mjs.map (compressed_size=4791 bytes, uncompressed_size=17918 bytes)
[debug] [2025-02-25T12:55:01.849Z] [unzip] Processing entry: server\assets\multipart-parser-DGCUZdXu.mjs.map
[debug] [2025-02-25T12:55:01.849Z] [unzip] else mkdir: C:\Users\ASUS\.cache\firebase\emulators\ui-v1.14.0\server\assets
[debug] [2025-02-25T12:55:01.849Z] [unzip] deflating: C:\Users\ASUS\.cache\firebase\emulators\ui-v1.14.0\server\assets\multipart-parser-DGCUZdXu.mjs.map
[debug] [2025-02-25T12:55:01.851Z] [unzip] Entry: server/assets/multipart-parser-DGCUZdXu.mjs (compressed_size=2621 bytes, uncompressed_size=10390 bytes)
[debug] [2025-02-25T12:55:01.851Z] [unzip] Processing entry: server\assets\multipart-parser-DGCUZdXu.mjs
[debug] [2025-02-25T12:55:01.851Z] [unzip] else mkdir: C:\Users\ASUS\.cache\firebase\emulators\ui-v1.14.0\server\assets
[debug] [2025-02-25T12:55:01.852Z] [unzip] deflating: C:\Users\ASUS\.cache\firebase\emulators\ui-v1.14.0\server\assets\multipart-parser-DGCUZdXu.mjs
[debug] [2025-02-25T12:55:01.854Z] Ignoring unsupported arg: auto_download {"metadata":{"emulator":{"name":"ui"},"message":"Ignoring unsupported arg: auto_download"}}
[debug] [2025-02-25T12:55:01.854Z] Ignoring unsupported arg: port {"metadata":{"emulator":{"name":"ui"},"message":"Ignoring unsupported arg: port"}}
[debug] [2025-02-25T12:55:01.854Z] Starting Emulator UI with command {"binary":"node","args":["C:\\Users\\ASUS\\.cache\\firebase\\emulators\\ui-v1.14.0\\server\\server.mjs"],"optionalArgs":[],"joinArgs":false,"shell":false,"port":4000} {"metadata":{"emulator":{"name":"ui"},"message":"Starting Emulator UI with command {\"binary\":\"node\",\"args\":[\"C:\\\\Users\\\\ASUS\\\\.cache\\\\firebase\\\\emulators\\\\ui-v1.14.0\\\\server\\\\server.mjs\"],\"optionalArgs\":[],\"joinArgs\":false,\"shell\":false,\"port\":4000}"}}
[info] i  ui: Emulator UI logging to ui-debug.log {"metadata":{"emulator":{"name":"ui"},"message":"Emulator UI logging to \u001b[1mui-debug.log\u001b[22m"}}
[debug] [2025-02-25T12:55:02.154Z] Web / API server started at 127.0.0.1:4000
 {"metadata":{"emulator":{"name":"ui"},"message":"Web / API server started at 127.0.0.1:4000\n"}}
[debug] [2025-02-25T12:55:02.155Z] Web / API server started at ::1:4000
 {"metadata":{"emulator":{"name":"ui"},"message":"Web / API server started at ::1:4000\n"}}
[debug] [2025-02-25T12:55:02.288Z] [Extensions] Connecting Extensions emulator, this is a noop.
[info] i  functions: Watching "C:\Users\ASUS\Desktop\RHIMBS\admin-dashboard\src\firebase\functions" for Cloud Functions... {"metadata":{"emulator":{"name":"functions"},"message":"Watching \"C:\\Users\\ASUS\\Desktop\\RHIMBS\\admin-dashboard\\src\\firebase\\functions\" for Cloud Functions..."}}
[debug] [2025-02-25T12:55:02.299Z] Validating nodejs source
[debug] [2025-02-25T12:55:04.620Z] > [functions] package.json contents: {
  "name": "functions",
  "scripts": {
    "lint": "eslint --ext .js,.ts .",
    "build": "tsc",
    "build:watch": "tsc --watch",
    "serve": "npm run build && firebase emulators:start --only functions",
    "shell": "npm run build && firebase functions:shell",
    "start": "npm run shell",
    "deploy": "firebase deploy --only functions",
    "logs": "firebase functions:log"
  },
  "engines": {
    "node": "18"
  },
  "main": "lib/index.js",
  "dependencies": {
    "firebase-admin": "^12.6.0",
    "firebase-functions": "^6.0.1"
  },
  "devDependencies": {
    "@typescript-eslint/eslint-plugin": "^5.12.0",
    "@typescript-eslint/parser": "^5.12.0",
    "eslint": "^8.9.0",
    "eslint-config-google": "^0.14.0",
    "eslint-plugin-import": "^2.25.4",
    "firebase-functions-test": "^3.1.0",
    "typescript": "^4.9.0"
  },
  "private": true
}
[error] !!  functions: Failed to load function definition from source: FirebaseError: There was an error reading src\firebase\functions\package.json:

 src\firebase\functions\lib\index.js does not exist, can't deploy Cloud Functions {"metadata":{"emulator":{"name":"functions"},"message":"Failed to load function definition from source: FirebaseError: There was an error reading src\\firebase\\functions\\package.json:\n\n src\\firebase\\functions\\lib\\index.js does not exist, can't deploy Cloud Functions"}}
[debug] [2025-02-25T12:55:04.629Z] Could not find VSCode notification endpoint: FetchError: request to http://localhost:40001/vscode/notify failed, reason: . If you are not running the Firebase Data Connect VSCode extension, this is expected and not an issue.
[info] 
┌─────────────────────────────────────────────────────────────┐
│ ✔  All emulators ready! It is now safe to connect your app. │
│ i  View Emulator UI at http://127.0.0.1:4000/               │
└─────────────────────────────────────────────────────────────┘

┌────────────────┬────────────────┬──────────────────────────────────┐
│ Emulator       │ Host:Port      │ View in Emulator UI              │
├────────────────┼────────────────┼──────────────────────────────────┤
│ Authentication │ 127.0.0.1:9099 │ http://127.0.0.1:4000/auth       │
├────────────────┼────────────────┼──────────────────────────────────┤
│ Functions      │ 127.0.0.1:5001 │ http://127.0.0.1:4000/functions  │
├────────────────┼────────────────┼──────────────────────────────────┤
│ Firestore      │ 127.0.0.1:8080 │ http://127.0.0.1:4000/firestore  │
├────────────────┼────────────────┼──────────────────────────────────┤
│ Extensions     │ 127.0.0.1:5001 │ http://127.0.0.1:4000/extensions │
└────────────────┴────────────────┴──────────────────────────────────┘
  Emulator Hub running at 127.0.0.1:4400
  Other reserved ports: 4500, 9150
┌─────────────────────────┬───────────────┬─────────────────────┐
│ Extension Instance Name │ Extension Ref │ View in Emulator UI │
└─────────────────────────┴───────────────┴─────────────────────┘
Issues? Report them at https://github.com/firebase/firebase-tools/issues and attach the *-debug.log files.
 
[debug] [2025-02-25T12:56:15.446Z] Feb 25, 2025 1:56:15 PM com.google.cloud.datastore.emulator.firestore.websocket.WebSocketChannelHandler initChannel
INFO: Connected to new websocket client
 {"metadata":{"emulator":{"name":"firestore"},"message":"Feb 25, 2025 1:56:15 PM com.google.cloud.datastore.emulator.firestore.websocket.WebSocketChannelHandler initChannel\r\nINFO: Connected to new websocket client\r\n"}}
[debug] [2025-02-25T14:21:57.292Z] Feb 25, 2025 3:21:57 PM com.google.cloud.datastore.emulator.firestore.websocket.WebSocketChannelHandler channelClosed
INFO: Websocket client disconnected
 {"metadata":{"emulator":{"name":"firestore"},"message":"Feb 25, 2025 3:21:57 PM com.google.cloud.datastore.emulator.firestore.websocket.WebSocketChannelHandler channelClosed\r\nINFO: Websocket client disconnected\r\n"}}
[debug] [2025-02-25T15:05:34.112Z] Feb 25, 2025 4:05:34 PM com.google.cloud.datastore.emulator.firestore.websocket.WebSocketChannelHandler initChannel
INFO: Connected to new websocket client
 {"metadata":{"emulator":{"name":"firestore"},"message":"Feb 25, 2025 4:05:34 PM com.google.cloud.datastore.emulator.firestore.websocket.WebSocketChannelHandler initChannel\r\nINFO: Connected to new websocket client\r\n"}}
[debug] [2025-02-25T16:06:15.380Z] Feb 25, 2025 5:06:15 PM com.google.cloud.datastore.emulator.firestore.websocket.WebSocketChannelHandler channelClosed
INFO: Websocket client disconnected
 {"metadata":{"emulator":{"name":"firestore"},"message":"Feb 25, 2025 5:06:15 PM com.google.cloud.datastore.emulator.firestore.websocket.WebSocketChannelHandler channelClosed\r\nINFO: Websocket client disconnected\r\n"}}
